{
  "stats": {
    "suites": 1,
    "tests": 1,
    "passes": 1,
    "pending": 0,
    "failures": 0,
    "start": "2020-11-11T13:07:25.860Z",
    "end": "2020-11-11T13:07:29.288Z",
    "duration": 3428,
    "testsRegistered": 1,
    "passPercent": 100,
    "pendingPercent": 0,
    "other": 0,
    "hasOther": false,
    "skipped": 0,
    "hasSkipped": false
  },
  "results": [
    {
      "uuid": "ac0fdbe6-b4ed-4c98-915a-e5c201ab6e0c",
      "title": "",
      "fullFile": "cypress/integration/tests/google.spec.js",
      "file": "cypress/integration/tests/google.spec.js",
      "beforeHooks": [],
      "afterHooks": [],
      "tests": [],
      "suites": [
        {
          "uuid": "ae6dc44b-e5a5-4d39-bad3-69a63e450a08",
          "title": "Verify google",
          "fullFile": "",
          "file": "",
          "beforeHooks": [],
          "afterHooks": [],
          "tests": [
            {
              "title": "Verify URL of google",
              "fullTitle": "Verify google Verify URL of google",
              "timedOut": null,
              "duration": 1779,
              "state": "passed",
              "speed": "slow",
              "pass": true,
              "fail": false,
              "pending": false,
              "context": null,
              "code": "cy.visit(\"https://www.google.com/\");\ncy.url().should(\"contain\", \"google\");",
              "err": {},
              "uuid": "10879ea6-efb6-4d42-8060-652e2813be9b",
              "parentUUID": "ae6dc44b-e5a5-4d39-bad3-69a63e450a08",
              "isHook": false,
              "skipped": false
            }
          ],
          "suites": [],
          "passes": [
            "10879ea6-efb6-4d42-8060-652e2813be9b"
          ],
          "failures": [],
          "pending": [],
          "skipped": [],
          "duration": 1779,
          "root": false,
          "rootEmpty": false,
          "_timeout": 2000
        }
      ],
      "passes": [],
      "failures": [],
      "pending": [],
      "skipped": [],
      "duration": 0,
      "root": true,
      "rootEmpty": true,
      "_timeout": 2000
    }
  ],
  "meta": {
    "mocha": {
      "version": "7.0.1"
    },
    "mochawesome": {
      "options": {
        "quiet": false,
        "reportFilename": "mochawesome",
        "saveHtml": false,
        "saveJson": true,
        "consoleReporter": "spec",
        "useInlineDiffs": false,
        "code": true
      },
      "version": "6.2.1"
    },
    "marge": {
      "options": {
        "reportDir": "reporter-config.json",
        "overwrite": false,
        "html": false,
        "json": true
      },
      "version": "5.1.0"
    }
  }
}