{
  "stats": {
    "suites": 1,
    "tests": 1,
    "passes": 1,
    "pending": 0,
    "failures": 0,
    "start": "2020-11-11T13:08:03.031Z",
    "end": "2020-11-11T13:08:06.816Z",
    "duration": 3785,
    "testsRegistered": 1,
    "passPercent": 100,
    "pendingPercent": 0,
    "other": 0,
    "hasOther": false,
    "skipped": 0,
    "hasSkipped": false
  },
  "results": [
    {
      "uuid": "7c22a019-58cc-4aab-89fb-1a825f747d63",
      "title": "",
      "fullFile": "cypress/integration/tests/google.spec.js",
      "file": "cypress/integration/tests/google.spec.js",
      "beforeHooks": [],
      "afterHooks": [],
      "tests": [],
      "suites": [
        {
          "uuid": "10bd38be-3592-4965-8984-27b458382794",
          "title": "Verify google",
          "fullFile": "",
          "file": "",
          "beforeHooks": [],
          "afterHooks": [],
          "tests": [
            {
              "title": "Verify URL of google",
              "fullTitle": "Verify google Verify URL of google",
              "timedOut": null,
              "duration": 2005,
              "state": "passed",
              "speed": "slow",
              "pass": true,
              "fail": false,
              "pending": false,
              "context": null,
              "code": "cy.visit(\"https://www.google.com/\");\ncy.url().should(\"contain\", \"google\");",
              "err": {},
              "uuid": "8acb69bb-cc53-4b0f-b0e4-0e4a35b41b5e",
              "parentUUID": "10bd38be-3592-4965-8984-27b458382794",
              "isHook": false,
              "skipped": false
            }
          ],
          "suites": [],
          "passes": [
            "8acb69bb-cc53-4b0f-b0e4-0e4a35b41b5e"
          ],
          "failures": [],
          "pending": [],
          "skipped": [],
          "duration": 2005,
          "root": false,
          "rootEmpty": false,
          "_timeout": 2000
        }
      ],
      "passes": [],
      "failures": [],
      "pending": [],
      "skipped": [],
      "duration": 0,
      "root": true,
      "rootEmpty": true,
      "_timeout": 2000
    }
  ],
  "meta": {
    "mocha": {
      "version": "7.0.1"
    },
    "mochawesome": {
      "options": {
        "quiet": false,
        "reportFilename": "mochawesome",
        "saveHtml": true,
        "saveJson": true,
        "consoleReporter": "spec",
        "useInlineDiffs": false,
        "code": true
      },
      "version": "6.2.1"
    },
    "marge": {
      "options": {
        "reportDir": "reporter-config.json",
        "overwrite": false,
        "html": true,
        "json": true
      },
      "version": "5.1.0"
    }
  }
}